                    admin_root            /admin(.:format)                                  admin/dashboard#index
batch_action_admin_admin_users POST       /admin/admin_users/batch_action(.:format)         admin/admin_users#batch_action
             admin_admin_users GET        /admin/admin_users(.:format)                      admin/admin_users#index
                               POST       /admin/admin_users(.:format)                      admin/admin_users#create
          new_admin_admin_user GET        /admin/admin_users/new(.:format)                  admin/admin_users#new
         edit_admin_admin_user GET        /admin/admin_users/:id/edit(.:format)             admin/admin_users#edit
              admin_admin_user GET        /admin/admin_users/:id(.:format)                  admin/admin_users#show
                               PUT        /admin/admin_users/:id(.:format)                  admin/admin_users#update
                               DELETE     /admin/admin_users/:id(.:format)                  admin/admin_users#destroy
 batch_action_admin_blog_posts POST       /admin/blog_posts/batch_action(.:format)          admin/blog_posts#batch_action
              admin_blog_posts GET        /admin/blog_posts(.:format)                       admin/blog_posts#index
                               POST       /admin/blog_posts(.:format)                       admin/blog_posts#create
           new_admin_blog_post GET        /admin/blog_posts/new(.:format)                   admin/blog_posts#new
          edit_admin_blog_post GET        /admin/blog_posts/:id/edit(.:format)              admin/blog_posts#edit
               admin_blog_post GET        /admin/blog_posts/:id(.:format)                   admin/blog_posts#show
                               PUT        /admin/blog_posts/:id(.:format)                   admin/blog_posts#update
                               DELETE     /admin/blog_posts/:id(.:format)                   admin/blog_posts#destroy
               admin_dashboard            /admin/dashboard(.:format)                        admin/dashboard#index
   render_markdown_admin_pages GET        /admin/pages/render_markdown(.:format)            admin/pages#render_markdown
      batch_action_admin_pages POST       /admin/pages/batch_action(.:format)               admin/pages#batch_action
                   admin_pages GET        /admin/pages(.:format)                            admin/pages#index
                               POST       /admin/pages(.:format)                            admin/pages#create
                new_admin_page GET        /admin/pages/new(.:format)                        admin/pages#new
               edit_admin_page GET        /admin/pages/:id/edit(.:format)                   admin/pages#edit
                    admin_page GET        /admin/pages/:id(.:format)                        admin/pages#show
                               PUT        /admin/pages/:id(.:format)                        admin/pages#update
                               DELETE     /admin/pages/:id(.:format)                        admin/pages#destroy
   batch_action_admin_comments POST       /admin/comments/batch_action(.:format)            admin/comments#batch_action
                admin_comments GET        /admin/comments(.:format)                         admin/comments#index
                               POST       /admin/comments(.:format)                         admin/comments#create
                 admin_comment GET        /admin/comments/:id(.:format)                     admin/comments#show
        new_admin_user_session GET        /admin/login(.:format)                            active_admin/devise/sessions#new
            admin_user_session POST       /admin/login(.:format)                            active_admin/devise/sessions#create
    destroy_admin_user_session DELETE|GET /admin/logout(.:format)                           active_admin/devise/sessions#destroy
           admin_user_password POST       /admin/password(.:format)                         active_admin/devise/passwords#create
       new_admin_user_password GET        /admin/password/new(.:format)                     active_admin/devise/passwords#new
      edit_admin_user_password GET        /admin/password/edit(.:format)                    active_admin/devise/passwords#edit
                               PUT        /admin/password(.:format)                         active_admin/devise/passwords#update
                          root            /                                                 home#index
            blog_post_comments POST       /blog_posts/:blog_post_id/comments(.:format)      comments#create
        new_blog_post_comments GET        /blog_posts/:blog_post_id/comments/new(.:format)  comments#new
       edit_blog_post_comments GET        /blog_posts/:blog_post_id/comments/edit(.:format) comments#edit
                               GET        /blog_posts/:blog_post_id/comments(.:format)      comments#show
                               PUT        /blog_posts/:blog_post_id/comments(.:format)      comments#update
                               DELETE     /blog_posts/:blog_post_id/comments(.:format)      comments#destroy
                    blog_posts GET        /blog_posts(.:format)                             blog_posts#index
                               POST       /blog_posts(.:format)                             blog_posts#create
                 new_blog_post GET        /blog_posts/new(.:format)                         blog_posts#new
                edit_blog_post GET        /blog_posts/:id/edit(.:format)                    blog_posts#edit
                     blog_post GET        /blog_posts/:id(.:format)                         blog_posts#show
                               PUT        /blog_posts/:id(.:format)                         blog_posts#update
                               DELETE     /blog_posts/:id(.:format)                         blog_posts#destroy
